<?xml version="1.0" encoding="UTF-8"?>
<testsuite name="AutomationPracticeContactUs" tests="1" skipped="0" failures="0" errors="0" timestamp="2021-10-28T15:45:02" hostname="DESKTOP-FFJ1D6B" time="35.313">
  <properties/>
  <testcase name="testUntitledTestCase" classname="AutomationPracticeContactUs" time="35.313"/>
  <system-out><![CDATA[]]></system-out>
  <system-err><![CDATA[SLF4J: Failed to load class "org.slf4j.impl.StaticLoggerBinder".
SLF4J: Defaulting to no-operation (NOP) logger implementation
SLF4J: See http://www.slf4j.org/codes.html#StaticLoggerBinder for further details.
Starting ChromeDriver 95.0.4638.54 (d31a821ec901f68d0d34ccdbaea45b4c86ce543e-refs/branch-heads/4638@{#871}) on port 64333
Only local connections are allowed.
Please see https://chromedriver.chromium.org/security-considerations for suggestions on keeping ChromeDriver safe.
ChromeDriver was started successfully.
oct. 28, 2021 10:45:06 A. M. org.openqa.selenium.remote.ProtocolHandshake createSession
INFO: Detected dialect: W3C
oct. 28, 2021 10:45:06 A. M. org.openqa.selenium.devtools.CdpVersionFinder findNearestMatch
INFO: Found exact CDP implementation for version 95
]]></system-err>
</testsuite>
